2020-03-31 20:40:42.808  INFO 13816 --- [restartedMain] c.r.backInterface.RuanyunApplication     : Starting RuanyunApplication on LAPTOP-RT1NHJ5G with PID 13816 (started by root in D:\婚礼项目\婚礼项目)
2020-03-31 20:40:42.816  INFO 13816 --- [restartedMain] c.r.backInterface.RuanyunApplication     : No active profile set, falling back to default profiles: default
2020-03-31 20:40:42.904  INFO 13816 --- [restartedMain] .e.DevToolsPropertyDefaultsPostProcessor : Devtools property defaults active! Set 'spring.devtools.add-properties' to 'false' to disable
2020-03-31 20:40:42.904  INFO 13816 --- [restartedMain] .e.DevToolsPropertyDefaultsPostProcessor : For additional web related logging consider setting the 'logging.level.web' property to 'DEBUG'
2020-03-31 20:40:45.921  INFO 13816 --- [restartedMain] .s.d.r.c.RepositoryConfigurationDelegate : Multiple Spring Data modules found, entering strict repository configuration mode!
2020-03-31 20:40:45.923  INFO 13816 --- [restartedMain] .s.d.r.c.RepositoryConfigurationDelegate : Bootstrapping Spring Data repositories in DEFAULT mode.
2020-03-31 20:40:46.153  INFO 13816 --- [restartedMain] .RepositoryConfigurationExtensionSupport : Spring Data Elasticsearch - Could not safely identify store assignment for repository candidate interface cn.ruanyun.backInterface.modules.base.mapper.DictDao.
2020-03-31 20:40:46.156  INFO 13816 --- [restartedMain] .RepositoryConfigurationExtensionSupport : Spring Data Elasticsearch - Could not safely identify store assignment for repository candidate interface cn.ruanyun.backInterface.modules.base.mapper.DictDataDao.
2020-03-31 20:40:46.159  INFO 13816 --- [restartedMain] .RepositoryConfigurationExtensionSupport : Spring Data Elasticsearch - Could not safely identify store assignment for repository candidate interface cn.ruanyun.backInterface.modules.base.mapper.LogDao.
2020-03-31 20:40:46.162  INFO 13816 --- [restartedMain] .RepositoryConfigurationExtensionSupport : Spring Data Elasticsearch - Could not safely identify store assignment for repository candidate interface cn.ruanyun.backInterface.modules.base.mapper.MessageDao.
2020-03-31 20:40:46.165  INFO 13816 --- [restartedMain] .RepositoryConfigurationExtensionSupport : Spring Data Elasticsearch - Could not safely identify store assignment for repository candidate interface cn.ruanyun.backInterface.modules.base.mapper.MessageSendDao.
2020-03-31 20:40:46.168  INFO 13816 --- [restartedMain] .RepositoryConfigurationExtensionSupport : Spring Data Elasticsearch - Could not safely identify store assignment for repository candidate interface cn.ruanyun.backInterface.modules.base.mapper.PermissionDao.
2020-03-31 20:40:46.173  INFO 13816 --- [restartedMain] .RepositoryConfigurationExtensionSupport : Spring Data Elasticsearch - Could not safely identify store assignment for repository candidate interface cn.ruanyun.backInterface.modules.base.mapper.RoleDao.
2020-03-31 20:40:46.177  INFO 13816 --- [restartedMain] .RepositoryConfigurationExtensionSupport : Spring Data Elasticsearch - Could not safely identify store assignment for repository candidate interface cn.ruanyun.backInterface.modules.base.mapper.RoleDepartmentDao.
2020-03-31 20:40:46.180  INFO 13816 --- [restartedMain] .RepositoryConfigurationExtensionSupport : Spring Data Elasticsearch - Could not safely identify store assignment for repository candidate interface cn.ruanyun.backInterface.modules.base.mapper.RolePermissionDao.
2020-03-31 20:40:46.183  INFO 13816 --- [restartedMain] .RepositoryConfigurationExtensionSupport : Spring Data Elasticsearch - Could not safely identify store assignment for repository candidate interface cn.ruanyun.backInterface.modules.base.mapper.SettingDao.
2020-03-31 20:40:46.186  INFO 13816 --- [restartedMain] .RepositoryConfigurationExtensionSupport : Spring Data Elasticsearch - Could not safely identify store assignment for repository candidate interface cn.ruanyun.backInterface.modules.base.mapper.UserDao.
2020-03-31 20:40:46.189  INFO 13816 --- [restartedMain] .RepositoryConfigurationExtensionSupport : Spring Data Elasticsearch - Could not safely identify store assignment for repository candidate interface cn.ruanyun.backInterface.modules.base.mapper.UserRoleDao.
2020-03-31 20:40:46.218  INFO 13816 --- [restartedMain] .RepositoryConfigurationExtensionSupport : Spring Data Elasticsearch - Could not safely identify store assignment for repository candidate interface cn.ruanyun.backInterface.modules.file.dao.FileDao.
2020-03-31 20:40:46.221  INFO 13816 --- [restartedMain] .RepositoryConfigurationExtensionSupport : Spring Data Elasticsearch - Could not safely identify store assignment for repository candidate interface cn.ruanyun.backInterface.modules.quartz.dao.QuartzJobDao.
2020-03-31 20:40:46.371  INFO 13816 --- [restartedMain] .s.d.r.c.RepositoryConfigurationDelegate : Finished Spring Data repository scanning in 441ms. Found 2 repository interfaces.
2020-03-31 20:40:46.391  INFO 13816 --- [restartedMain] .s.d.r.c.RepositoryConfigurationDelegate : Multiple Spring Data modules found, entering strict repository configuration mode!
2020-03-31 20:40:46.391  INFO 13816 --- [restartedMain] .s.d.r.c.RepositoryConfigurationDelegate : Bootstrapping Spring Data repositories in DEFAULT mode.
2020-03-31 20:40:46.590  INFO 13816 --- [restartedMain] .RepositoryConfigurationExtensionSupport : Spring Data JPA - Could not safely identify store assignment for repository candidate interface cn.ruanyun.backInterface.modules.base.mapper.elasticsearch.EsLogDao.
2020-03-31 20:40:46.593  INFO 13816 --- [restartedMain] .RepositoryConfigurationExtensionSupport : Spring Data JPA - Could not safely identify store assignment for repository candidate interface cn.ruanyun.backInterface.modules.elasticsearch.dataReport.mapper.DataReportMapper.
2020-03-31 20:40:46.698  INFO 13816 --- [restartedMain] .s.d.r.c.RepositoryConfigurationDelegate : Finished Spring Data repository scanning in 302ms. Found 14 repository interfaces.
2020-03-31 20:40:46.720  INFO 13816 --- [restartedMain] .s.d.r.c.RepositoryConfigurationDelegate : Multiple Spring Data modules found, entering strict repository configuration mode!
2020-03-31 20:40:46.722  INFO 13816 --- [restartedMain] .s.d.r.c.RepositoryConfigurationDelegate : Bootstrapping Spring Data repositories in DEFAULT mode.
2020-03-31 20:40:46.855  INFO 13816 --- [restartedMain] .RepositoryConfigurationExtensionSupport : Spring Data Redis - Could not safely identify store assignment for repository candidate interface cn.ruanyun.backInterface.modules.base.mapper.DictDao.
2020-03-31 20:40:46.857  INFO 13816 --- [restartedMain] .RepositoryConfigurationExtensionSupport : Spring Data Redis - Could not safely identify store assignment for repository candidate interface cn.ruanyun.backInterface.modules.base.mapper.DictDataDao.
2020-03-31 20:40:46.858  INFO 13816 --- [restartedMain] .RepositoryConfigurationExtensionSupport : Spring Data Redis - Could not safely identify store assignment for repository candidate interface cn.ruanyun.backInterface.modules.base.mapper.LogDao.
2020-03-31 20:40:46.859  INFO 13816 --- [restartedMain] .RepositoryConfigurationExtensionSupport : Spring Data Redis - Could not safely identify store assignment for repository candidate interface cn.ruanyun.backInterface.modules.base.mapper.MessageDao.
2020-03-31 20:40:46.860  INFO 13816 --- [restartedMain] .RepositoryConfigurationExtensionSupport : Spring Data Redis - Could not safely identify store assignment for repository candidate interface cn.ruanyun.backInterface.modules.base.mapper.MessageSendDao.
2020-03-31 20:40:46.861  INFO 13816 --- [restartedMain] .RepositoryConfigurationExtensionSupport : Spring Data Redis - Could not safely identify store assignment for repository candidate interface cn.ruanyun.backInterface.modules.base.mapper.PermissionDao.
2020-03-31 20:40:46.863  INFO 13816 --- [restartedMain] .RepositoryConfigurationExtensionSupport : Spring Data Redis - Could not safely identify store assignment for repository candidate interface cn.ruanyun.backInterface.modules.base.mapper.RoleDao.
2020-03-31 20:40:46.864  INFO 13816 --- [restartedMain] .RepositoryConfigurationExtensionSupport : Spring Data Redis - Could not safely identify store assignment for repository candidate interface cn.ruanyun.backInterface.modules.base.mapper.RoleDepartmentDao.
2020-03-31 20:40:46.865  INFO 13816 --- [restartedMain] .RepositoryConfigurationExtensionSupport : Spring Data Redis - Could not safely identify store assignment for repository candidate interface cn.ruanyun.backInterface.modules.base.mapper.RolePermissionDao.
2020-03-31 20:40:46.866  INFO 13816 --- [restartedMain] .RepositoryConfigurationExtensionSupport : Spring Data Redis - Could not safely identify store assignment for repository candidate interface cn.ruanyun.backInterface.modules.base.mapper.SettingDao.
2020-03-31 20:40:46.866  INFO 13816 --- [restartedMain] .RepositoryConfigurationExtensionSupport : Spring Data Redis - Could not safely identify store assignment for repository candidate interface cn.ruanyun.backInterface.modules.base.mapper.UserDao.
2020-03-31 20:40:46.866  INFO 13816 --- [restartedMain] .RepositoryConfigurationExtensionSupport : Spring Data Redis - Could not safely identify store assignment for repository candidate interface cn.ruanyun.backInterface.modules.base.mapper.UserRoleDao.
2020-03-31 20:40:46.867  INFO 13816 --- [restartedMain] .RepositoryConfigurationExtensionSupport : Spring Data Redis - Could not safely identify store assignment for repository candidate interface cn.ruanyun.backInterface.modules.base.mapper.elasticsearch.EsLogDao.
2020-03-31 20:40:46.867  INFO 13816 --- [restartedMain] .RepositoryConfigurationExtensionSupport : Spring Data Redis - Could not safely identify store assignment for repository candidate interface cn.ruanyun.backInterface.modules.elasticsearch.dataReport.mapper.DataReportMapper.
2020-03-31 20:40:46.867  INFO 13816 --- [restartedMain] .RepositoryConfigurationExtensionSupport : Spring Data Redis - Could not safely identify store assignment for repository candidate interface cn.ruanyun.backInterface.modules.file.dao.FileDao.
2020-03-31 20:40:46.867  INFO 13816 --- [restartedMain] .RepositoryConfigurationExtensionSupport : Spring Data Redis - Could not safely identify store assignment for repository candidate interface cn.ruanyun.backInterface.modules.quartz.dao.QuartzJobDao.
2020-03-31 20:40:46.867  INFO 13816 --- [restartedMain] .s.d.r.c.RepositoryConfigurationDelegate : Finished Spring Data repository scanning in 133ms. Found 0 repository interfaces.
2020-03-31 20:40:47.270  WARN 13816 --- [restartedMain] o.m.s.mapper.ClassPathMapperScanner      : Skipping MapperFactoryBean with name 'dataReportMapper' and 'cn.ruanyun.backInterface.modules.elasticsearch.dataReport.mapper.DataReportMapper' mapperInterface. Bean already defined with the same name!
2020-03-31 20:40:47.279  WARN 13816 --- [restartedMain] o.m.s.mapper.ClassPathMapperScanner      : Skipping MapperFactoryBean with name 'dictDao' and 'cn.ruanyun.backInterface.modules.base.mapper.DictDao' mapperInterface. Bean already defined with the same name!
2020-03-31 20:40:47.279  WARN 13816 --- [restartedMain] o.m.s.mapper.ClassPathMapperScanner      : Skipping MapperFactoryBean with name 'dictDataDao' and 'cn.ruanyun.backInterface.modules.base.mapper.DictDataDao' mapperInterface. Bean already defined with the same name!
2020-03-31 20:40:47.279  WARN 13816 --- [restartedMain] o.m.s.mapper.ClassPathMapperScanner      : Skipping MapperFactoryBean with name 'logDao' and 'cn.ruanyun.backInterface.modules.base.mapper.LogDao' mapperInterface. Bean already defined with the same name!
2020-03-31 20:40:47.280  WARN 13816 --- [restartedMain] o.m.s.mapper.ClassPathMapperScanner      : Skipping MapperFactoryBean with name 'messageDao' and 'cn.ruanyun.backInterface.modules.base.mapper.MessageDao' mapperInterface. Bean already defined with the same name!
2020-03-31 20:40:47.280  WARN 13816 --- [restartedMain] o.m.s.mapper.ClassPathMapperScanner      : Skipping MapperFactoryBean with name 'messageSendDao' and 'cn.ruanyun.backInterface.modules.base.mapper.MessageSendDao' mapperInterface. Bean already defined with the same name!
2020-03-31 20:40:47.280  WARN 13816 --- [restartedMain] o.m.s.mapper.ClassPathMapperScanner      : Skipping MapperFactoryBean with name 'permissionDao' and 'cn.ruanyun.backInterface.modules.base.mapper.PermissionDao' mapperInterface. Bean already defined with the same name!
2020-03-31 20:40:47.280  WARN 13816 --- [restartedMain] o.m.s.mapper.ClassPathMapperScanner      : Skipping MapperFactoryBean with name 'roleDao' and 'cn.ruanyun.backInterface.modules.base.mapper.RoleDao' mapperInterface. Bean already defined with the same name!
2020-03-31 20:40:47.280  WARN 13816 --- [restartedMain] o.m.s.mapper.ClassPathMapperScanner      : Skipping MapperFactoryBean with name 'roleDepartmentDao' and 'cn.ruanyun.backInterface.modules.base.mapper.RoleDepartmentDao' mapperInterface. Bean already defined with the same name!
2020-03-31 20:40:47.280  WARN 13816 --- [restartedMain] o.m.s.mapper.ClassPathMapperScanner      : Skipping MapperFactoryBean with name 'rolePermissionDao' and 'cn.ruanyun.backInterface.modules.base.mapper.RolePermissionDao' mapperInterface. Bean already defined with the same name!
2020-03-31 20:40:47.280  WARN 13816 --- [restartedMain] o.m.s.mapper.ClassPathMapperScanner      : Skipping MapperFactoryBean with name 'settingDao' and 'cn.ruanyun.backInterface.modules.base.mapper.SettingDao' mapperInterface. Bean already defined with the same name!
2020-03-31 20:40:47.281  WARN 13816 --- [restartedMain] o.m.s.mapper.ClassPathMapperScanner      : Skipping MapperFactoryBean with name 'userDao' and 'cn.ruanyun.backInterface.modules.base.mapper.UserDao' mapperInterface. Bean already defined with the same name!
2020-03-31 20:40:47.281  WARN 13816 --- [restartedMain] o.m.s.mapper.ClassPathMapperScanner      : Skipping MapperFactoryBean with name 'userRoleDao' and 'cn.ruanyun.backInterface.modules.base.mapper.UserRoleDao' mapperInterface. Bean already defined with the same name!
2020-03-31 20:40:47.281  WARN 13816 --- [restartedMain] o.m.s.mapper.ClassPathMapperScanner      : Skipping MapperFactoryBean with name 'esLogDao' and 'cn.ruanyun.backInterface.modules.base.mapper.elasticsearch.EsLogDao' mapperInterface. Bean already defined with the same name!
2020-03-31 20:40:47.281  WARN 13816 --- [restartedMain] o.m.s.mapper.ClassPathMapperScanner      : Skipping MapperFactoryBean with name 'permissionMapper' and 'cn.ruanyun.backInterface.modules.base.mapper.mapper.PermissionMapper' mapperInterface. Bean already defined with the same name!
2020-03-31 20:40:47.281  WARN 13816 --- [restartedMain] o.m.s.mapper.ClassPathMapperScanner      : Skipping MapperFactoryBean with name 'roleMapper' and 'cn.ruanyun.backInterface.modules.base.mapper.mapper.RoleMapper' mapperInterface. Bean already defined with the same name!
2020-03-31 20:40:47.281  WARN 13816 --- [restartedMain] o.m.s.mapper.ClassPathMapperScanner      : Skipping MapperFactoryBean with name 'rolePermissionMapper' and 'cn.ruanyun.backInterface.modules.base.mapper.mapper.RolePermissionMapper' mapperInterface. Bean already defined with the same name!
2020-03-31 20:40:47.281  WARN 13816 --- [restartedMain] o.m.s.mapper.ClassPathMapperScanner      : Skipping MapperFactoryBean with name 'userMapper' and 'cn.ruanyun.backInterface.modules.base.mapper.mapper.UserMapper' mapperInterface. Bean already defined with the same name!
2020-03-31 20:40:47.282  WARN 13816 --- [restartedMain] o.m.s.mapper.ClassPathMapperScanner      : Skipping MapperFactoryBean with name 'userRoleMapper' and 'cn.ruanyun.backInterface.modules.base.mapper.mapper.UserRoleMapper' mapperInterface. Bean already defined with the same name!
2020-03-31 20:40:47.732  INFO 13816 --- [restartedMain] ptablePropertiesBeanFactoryPostProcessor : Post-processing PropertySource instances
2020-03-31 20:40:47.835  INFO 13816 --- [restartedMain] c.u.j.EncryptablePropertySourceConverter : Converting PropertySource configurationProperties [org.springframework.boot.context.properties.source.ConfigurationPropertySourcesPropertySource] to AOP Proxy
2020-03-31 20:40:47.836  INFO 13816 --- [restartedMain] c.u.j.EncryptablePropertySourceConverter : Converting PropertySource servletConfigInitParams [org.springframework.core.env.PropertySource$StubPropertySource] to EncryptablePropertySourceWrapper
2020-03-31 20:40:47.836  INFO 13816 --- [restartedMain] c.u.j.EncryptablePropertySourceConverter : Converting PropertySource servletContextInitParams [org.springframework.core.env.PropertySource$StubPropertySource] to EncryptablePropertySourceWrapper
2020-03-31 20:40:47.837  INFO 13816 --- [restartedMain] c.u.j.EncryptablePropertySourceConverter : Converting PropertySource systemProperties [org.springframework.core.env.PropertiesPropertySource] to EncryptableMapPropertySourceWrapper
2020-03-31 20:40:47.838  INFO 13816 --- [restartedMain] c.u.j.EncryptablePropertySourceConverter : Converting PropertySource systemEnvironment [org.springframework.boot.env.SystemEnvironmentPropertySourceEnvironmentPostProcessor$OriginAwareSystemEnvironmentPropertySource] to EncryptableMapPropertySourceWrapper
2020-03-31 20:40:47.838  INFO 13816 --- [restartedMain] c.u.j.EncryptablePropertySourceConverter : Converting PropertySource random [org.springframework.boot.env.RandomValuePropertySource] to EncryptablePropertySourceWrapper
2020-03-31 20:40:47.838  INFO 13816 --- [restartedMain] c.u.j.EncryptablePropertySourceConverter : Converting PropertySource applicationConfig: [classpath:/application.yml] [org.springframework.boot.env.OriginTrackedMapPropertySource] to EncryptableMapPropertySourceWrapper
2020-03-31 20:40:47.838  INFO 13816 --- [restartedMain] c.u.j.EncryptablePropertySourceConverter : Converting PropertySource devtools [org.springframework.core.env.MapPropertySource] to EncryptableMapPropertySourceWrapper
2020-03-31 20:40:47.970  INFO 13816 --- [restartedMain] c.u.j.filter.DefaultLazyPropertyFilter   : Property Filter custom Bean not found with name 'encryptablePropertyFilter'. Initializing Default Property Filter
2020-03-31 20:40:48.112  INFO 13816 --- [restartedMain] trationDelegate$BeanPostProcessorChecker : Bean 'org.springframework.transaction.annotation.ProxyTransactionManagementConfiguration' of type [org.springframework.transaction.annotation.ProxyTransactionManagementConfiguration$$EnhancerBySpringCGLIB$$dc9e58df] is not eligible for getting processed by all BeanPostProcessors (for example: not eligible for auto-proxying)
2020-03-31 20:40:48.355  INFO 13816 --- [restartedMain] trationDelegate$BeanPostProcessorChecker : Bean 'redisCacheConfig' of type [cn.ruanyun.backInterface.config.cache.RedisCacheConfig$$EnhancerBySpringCGLIB$$5874357a] is not eligible for getting processed by all BeanPostProcessors (for example: not eligible for auto-proxying)
2020-03-31 20:40:48.434  INFO 13816 --- [restartedMain] trationDelegate$BeanPostProcessorChecker : Bean 'org.springframework.security.config.annotation.configuration.ObjectPostProcessorConfiguration' of type [org.springframework.security.config.annotation.configuration.ObjectPostProcessorConfiguration$$EnhancerBySpringCGLIB$$754c2119] is not eligible for getting processed by all BeanPostProcessors (for example: not eligible for auto-proxying)
2020-03-31 20:40:48.447  INFO 13816 --- [restartedMain] trationDelegate$BeanPostProcessorChecker : Bean 'objectPostProcessor' of type [org.springframework.security.config.annotation.configuration.AutowireBeanFactoryObjectPostProcessor] is not eligible for getting processed by all BeanPostProcessors (for example: not eligible for auto-proxying)
2020-03-31 20:40:48.452  INFO 13816 --- [restartedMain] trationDelegate$BeanPostProcessorChecker : Bean 'org.springframework.security.access.expression.method.DefaultMethodSecurityExpressionHandler@7e63d6a9' of type [org.springframework.security.access.expression.method.DefaultMethodSecurityExpressionHandler] is not eligible for getting processed by all BeanPostProcessors (for example: not eligible for auto-proxying)
2020-03-31 20:40:48.457  INFO 13816 --- [restartedMain] trationDelegate$BeanPostProcessorChecker : Bean 'org.springframework.security.config.annotation.method.configuration.GlobalMethodSecurityConfiguration' of type [org.springframework.security.config.annotation.method.configuration.GlobalMethodSecurityConfiguration$$EnhancerBySpringCGLIB$$9a20c3cb] is not eligible for getting processed by all BeanPostProcessors (for example: not eligible for auto-proxying)
2020-03-31 20:40:48.466  INFO 13816 --- [restartedMain] trationDelegate$BeanPostProcessorChecker : Bean 'methodSecurityMetadataSource' of type [org.springframework.security.access.method.DelegatingMethodSecurityMetadataSource] is not eligible for getting processed by all BeanPostProcessors (for example: not eligible for auto-proxying)
2020-03-31 20:40:48.657  INFO 13816 --- [restartedMain] c.u.j.r.DefaultLazyPropertyResolver      : Property Resolver custom Bean not found with name 'encryptablePropertyResolver'. Initializing Default Property Resolver
2020-03-31 20:40:48.660  INFO 13816 --- [restartedMain] c.u.j.d.DefaultLazyPropertyDetector      : Property Detector custom Bean not found with name 'encryptablePropertyDetector'. Initializing Default Property Detector
2020-03-31 20:40:49.468  INFO 13816 --- [restartedMain] o.s.b.w.embedded.tomcat.TomcatWebServer  : Tomcat initialized with port(s): 8083 (http)
2020-03-31 20:40:49.532  INFO 13816 --- [restartedMain] o.apache.catalina.core.StandardService   : Starting service [Tomcat]
2020-03-31 20:40:49.533  INFO 13816 --- [restartedMain] org.apache.catalina.core.StandardEngine  : Starting Servlet engine: [Apache Tomcat/9.0.21]
2020-03-31 20:40:50.147  INFO 13816 --- [restartedMain] o.a.c.c.C.[Tomcat].[localhost].[/]       : Initializing Spring embedded WebApplicationContext
2020-03-31 20:40:50.147  INFO 13816 --- [restartedMain] o.s.web.context.ContextLoader            : Root WebApplicationContext: initialization completed in 7242 ms
2020-03-31 20:40:50.168  INFO 13816 --- [restartedMain] c.u.j.encryptor.DefaultLazyEncryptor     : String Encryptor custom Bean not found with name 'jasyptStringEncryptor'. Initializing Default String Encryptor
2020-03-31 20:40:50.194  INFO 13816 --- [restartedMain] c.u.j.encryptor.DefaultLazyEncryptor     : Encryptor config not found for property jasypt.encryptor.algorithm, using default value: PBEWithMD5AndDES
2020-03-31 20:40:50.195  INFO 13816 --- [restartedMain] c.u.j.encryptor.DefaultLazyEncryptor     : Encryptor config not found for property jasypt.encryptor.keyObtentionIterations, using default value: 1000
2020-03-31 20:40:50.198  INFO 13816 --- [restartedMain] c.u.j.encryptor.DefaultLazyEncryptor     : Encryptor config not found for property jasypt.encryptor.poolSize, using default value: 1
2020-03-31 20:40:50.198  INFO 13816 --- [restartedMain] c.u.j.encryptor.DefaultLazyEncryptor     : Encryptor config not found for property jasypt.encryptor.providerName, using default value: null
2020-03-31 20:40:50.198  INFO 13816 --- [restartedMain] c.u.j.encryptor.DefaultLazyEncryptor     : Encryptor config not found for property jasypt.encryptor.providerClassName, using default value: null
2020-03-31 20:40:50.198  INFO 13816 --- [restartedMain] c.u.j.encryptor.DefaultLazyEncryptor     : Encryptor config not found for property jasypt.encryptor.saltGeneratorClassname, using default value: org.jasypt.salt.RandomSaltGenerator
2020-03-31 20:40:50.214  INFO 13816 --- [restartedMain] c.u.j.encryptor.DefaultLazyEncryptor     : Encryptor config not found for property jasypt.encryptor.ivGeneratorClassname, using default value: org.jasypt.salt.NoOpIVGenerator
2020-03-31 20:40:50.217  INFO 13816 --- [restartedMain] c.u.j.encryptor.DefaultLazyEncryptor     : Encryptor config not found for property jasypt.encryptor.stringOutputType, using default value: base64
2020-03-31 20:40:51.411  INFO 13816 --- [restartedMain] c.a.d.s.b.a.DruidDataSourceAutoConfigure : Init DruidDataSource
2020-03-31 20:40:51.784  INFO 13816 --- [restartedMain] com.alibaba.druid.pool.DruidDataSource   : {dataSource-1} inited
2020-03-31 20:40:53.179  INFO 13816 --- [restartedMain] o.hibernate.jpa.internal.util.LogHelper  : HHH000204: Processing PersistenceUnitInfo [
	name: default
	...]
2020-03-31 20:40:53.354  INFO 13816 --- [restartedMain] org.hibernate.Version                    : HHH000412: Hibernate Core {5.3.10.Final}
2020-03-31 20:40:53.359  INFO 13816 --- [restartedMain] org.hibernate.cfg.Environment            : HHH000205: Loaded properties from resource hibernate.properties: {hibernate.dialect.storage_engine=innodb, hibernate.bytecode.use_reflection_optimizer=false}
2020-03-31 20:40:53.648  INFO 13816 --- [restartedMain] o.hibernate.annotations.common.Version   : HCANN000001: Hibernate Commons Annotations {5.0.4.Final}
2020-03-31 20:40:54.079  INFO 13816 --- [restartedMain] org.hibernate.dialect.Dialect            : HHH000400: Using dialect: org.hibernate.dialect.MySQL5Dialect
2020-03-31 20:40:58.639  INFO 13816 --- [restartedMain] j.LocalContainerEntityManagerFactoryBean : Initialized JPA EntityManagerFactory for persistence unit 'default'
2020-03-31 20:40:59.408  WARN 13816 --- [restartedMain] c.r.b.c.s.p.MyFilterSecurityInterceptor  : Could not validate configuration attributes as the SecurityMetadataSource did not return any attributes from getAllConfigAttributes()
2020-03-31 20:40:59.727  INFO 13816 --- [restartedMain] o.s.b.a.e.web.ServletEndpointRegistrar   : Registered '/ruanyun/actuator/jolokia' to jolokia-actuator-endpoint
2020-03-31 20:40:59.895  INFO 13816 --- [restartedMain] o.s.b.d.a.OptionalLiveReloadServer       : LiveReload server is running on port 35729
2020-03-31 20:41:00.499  INFO 13816 --- [restartedMain] o.elasticsearch.plugins.PluginsService   : no modules loaded
2020-03-31 20:41:00.501  INFO 13816 --- [restartedMain] o.elasticsearch.plugins.PluginsService   : loaded plugin [org.elasticsearch.index.reindex.ReindexPlugin]
2020-03-31 20:41:00.502  INFO 13816 --- [restartedMain] o.elasticsearch.plugins.PluginsService   : loaded plugin [org.elasticsearch.join.ParentJoinPlugin]
2020-03-31 20:41:00.502  INFO 13816 --- [restartedMain] o.elasticsearch.plugins.PluginsService   : loaded plugin [org.elasticsearch.percolator.PercolatorPlugin]
2020-03-31 20:41:00.502  INFO 13816 --- [restartedMain] o.elasticsearch.plugins.PluginsService   : loaded plugin [org.elasticsearch.script.mustache.MustachePlugin]
2020-03-31 20:41:00.502  INFO 13816 --- [restartedMain] o.elasticsearch.plugins.PluginsService   : loaded plugin [org.elasticsearch.transport.Netty4Plugin]
2020-03-31 20:41:02.975  INFO 13816 --- [restartedMain] o.s.d.e.c.TransportClientFactoryBean     : Adding transport node : 47.99.75.146:9300
2020-03-31 20:41:07.144  WARN 13816 --- [restartedMain] ion$DefaultTemplateResolverConfiguration : Cannot find template location: classpath:/templates/ (please add some templates or check your Thymeleaf configuration)
2020-03-31 20:41:08.474  INFO 13816 --- [restartedMain] o.s.s.concurrent.ThreadPoolTaskExecutor  : Initializing ExecutorService 'clientInboundChannelExecutor'
2020-03-31 20:41:08.498  INFO 13816 --- [restartedMain] o.s.s.concurrent.ThreadPoolTaskExecutor  : Initializing ExecutorService 'clientOutboundChannelExecutor'
2020-03-31 20:41:10.484  INFO 13816 --- [restartedMain] org.quartz.impl.StdSchedulerFactory      : Using default implementation for ThreadExecutor
2020-03-31 20:41:10.502  INFO 13816 --- [restartedMain] org.quartz.core.SchedulerSignalerImpl    : Initialized Scheduler Signaller of type: class org.quartz.core.SchedulerSignalerImpl
2020-03-31 20:41:10.502  INFO 13816 --- [restartedMain] org.quartz.core.QuartzScheduler          : Quartz Scheduler v.2.3.1 created.
2020-03-31 20:41:10.506  INFO 13816 --- [restartedMain] o.s.s.quartz.LocalDataSourceJobStore     : Using db table-based data access locking (synchronization).
2020-03-31 20:41:10.508  INFO 13816 --- [restartedMain] o.s.s.quartz.LocalDataSourceJobStore     : JobStoreCMT initialized.
2020-03-31 20:41:10.509  INFO 13816 --- [restartedMain] org.quartz.core.QuartzScheduler          : Scheduler meta-data: Quartz Scheduler (v2.3.1) 'quartzScheduler' with instanceId 'NON_CLUSTERED'
  Scheduler class: 'org.quartz.core.QuartzScheduler' - running locally.
  NOT STARTED.
  Currently in standby mode.
  Number of jobs executed: 0
  Using thread pool 'org.quartz.simpl.SimpleThreadPool' - with 10 threads.
  Using job-store 'org.springframework.scheduling.quartz.LocalDataSourceJobStore' - which supports persistence. and is not clustered.

2020-03-31 20:41:10.510  INFO 13816 --- [restartedMain] org.quartz.impl.StdSchedulerFactory      : Quartz scheduler 'quartzScheduler' initialized from an externally provided properties instance.
2020-03-31 20:41:10.510  INFO 13816 --- [restartedMain] org.quartz.impl.StdSchedulerFactory      : Quartz scheduler version: 2.3.1
2020-03-31 20:41:10.511  INFO 13816 --- [restartedMain] org.quartz.core.QuartzScheduler          : JobFactory set to: org.springframework.scheduling.quartz.SpringBeanJobFactory@56f85ecb
